Processing temperature\t1.txt
View: Num
+------------------------+
|Num                     |
+------------------------+
|2015:(54,58)            |
|60:(196,198)            |
|70:(208,210)            |
|24:(299,301)            |
|30:(325,327)            |
|60:(517,519)            |
|70:(682,684)            |
|64:(798,800)            |
|1982:(837,841)          |
|65:(900,902)            |
|1964:(957,961)          |
|69:(984,986)            |
|67:(1035,1037)          |
|68:(1080,1082)          |
|1964:(1096,1100)        |
|60:(1195,1197)          |
|60:(1425,1427)          |
|2006:(1737,1741)        |
+------------------------+
18 rows in set

View: Tem
+--------------------------------+
|Tem                             |
+--------------------------------+
|From:(0,4)                      |
|Albany:(5,11)                   |
|N:(13,14)                       |
|Y:(15,16)                       |
|to:(19,21)                      |
|Worcester:(22,31)               |
|Mass:(33,37)                    |
|Christmas:(40,49)               |
|Eve:(50,53)                     |
|was:(59,62)                     |
|one:(63,66)                     |
|for:(67,70)                     |
|the:(71,74)                     |
|books:(75,80)                   |
|Local:(85,90)                   |
|records:(91,98)                 |
|for:(99,102)                    |
|daily:(103,108)                 |
|high:(109,113)                  |
|temperature:(114,125)           |
|many:(127,131)                  |
|in:(132,134)                    |
|place:(135,140)                 |
|for:(141,144)                   |
|decades:(145,152)               |
|fell:(154,158)                  |
|as:(159,161)                    |
|temperatures:(162,174)          |
|soared:(175,181)                |
|into:(182,186)                  |
|the:(187,190)                   |
|high:(191,195)                  |
|s:(198,199)                     |
|and:(200,203)                   |
|low:(204,207)                   |
|s:(210,211)                     |
|across:(212,218)                |
|the:(219,222)                   |
|East:(223,227)                  |
|including:(229,238)             |
|in:(239,241)                    |
|New:(242,245)                   |
|Jersey:(246,252)                |
|In:(254,256)                    |
|addition:(257,265)              |
|to:(266,268)                    |
|being:(269,274)                 |
|all:(275,278)                   |
|time:(279,283)                  |
|highs:(284,289)                 |
|for:(290,293)                   |
|Dec:(294,297)                   |
|the:(303,306)                   |
|mercury:(307,314)               |
|was:(315,318)                   |
|up:(319,321)                    |
|to:(322,324)                    |
|degrees:(328,335)               |
|higher:(336,342)                |
|than:(343,347)                  |
|average:(348,355)               |
|for:(356,359)                   |
|that:(360,364)                  |
|date:(365,369)                  |
|Thursday:(370,378)              |
|in:(379,381)                    |
|the:(382,385)                   |
|Garden:(386,392)                |
|State:(393,398)                 |
|Even:(403,407)                  |
|in:(408,410)                    |
|what:(411,415)                  |
|was:(416,419)                   |
|the:(420,423)                   |
|coolest:(424,431)               |
|part:(432,436)                  |
|of:(437,439)                    |
|the:(440,443)                   |
|state:(444,449)                 |
|yesterday:(450,459)             |
|High:(461,465)                  |
|Point:(466,471)                 |
|the:(473,476)                   |
|daytime:(477,484)               |
|high:(485,489)                  |
|still:(490,495)                 |
|reached:(496,503)               |
|into:(504,508)                  |
|the:(509,512)                   |
|low:(513,516)                   |
|s:(519,520)                     |
|Far:(522,525)                   |
|more:(526,530)                  |
|common:(531,537)                |
|however:(539,546)               |
|were:(548,552)                  |
|the:(553,556)                   |
|highs:(557,562)                 |
|in:(563,565)                    |
|such:(566,570)                  |
|disparate:(571,580)             |
|corners:(581,588)               |
|of:(589,591)                    |
|the:(592,595)                   |
|state:(596,601)                 |
|as:(602,604)                    |
|Jersey:(605,611)                |
|City:(612,616)                  |
|New:(618,621)                   |
|Brunswick:(622,631)             |
|Toms:(633,637)                  |
|River:(638,643)                 |
|and:(644,647)                   |
|Trenton:(648,655)               |
|all:(657,660)                   |
|of:(661,663)                    |
|which:(664,669)                 |
|cracked:(670,677)               |
|the:(678,681)                   |
|degree:(685,691)                |
|mark:(692,696)                  |
|The:(701,704)                   |
|unseasonable:(705,717)          |
|warmth:(718,724)                |
|persisted:(725,734)             |
|into:(735,739)                  |
|Christmas:(740,749)             |
|Day:(750,753)                   |
|when:(755,759)                  |
|the:(760,763)                   |
|daytime:(764,771)               |
|high:(772,776)                  |
|in:(777,779)                    |
|New:(780,783)                   |
|York:(784,788)                  |
|City:(789,793)                  |
|was:(794,797)                   |
|degrees:(801,808)               |
|matching:(810,818)              |
|the:(819,822)                   |
|record:(823,829)                |
|set:(830,833)                   |
|in:(834,836)                    |
|according:(843,852)             |
|to:(853,855)                    |
|Accuweather:(856,867)           |
|com:(868,871)                   |
|The:(873,876)                   |
|high:(877,881)                  |
|in:(882,884)                    |
|Newark:(885,891)                |
|reached:(892,899)               |
|falling:(904,911)               |
|short:(912,917)                 |
|of:(918,920)                    |
|the:(921,924)                   |
|record:(925,931)                |
|for:(932,935)                   |
|Christmas:(936,945)             |
|Day:(946,949)                   |
|set:(950,953)                   |
|in:(954,956)                    |
|when:(963,967)                  |
|the:(968,971)                   |
|mercury:(972,979)               |
|hit:(980,983)                   |
|degrees:(987,994)               |
|In:(996,998)                    |
|Trenton:(999,1006)              |
|the:(1008,1011)                 |
|Christmas:(1012,1021)           |
|Day:(1022,1025)                 |
|high:(1026,1030)                |
|was:(1031,1034)                 |
|degrees:(1038,1045)             |
|just:(1047,1051)                |
|shy:(1052,1055)                 |
|of:(1056,1058)                  |
|the:(1059,1062)                 |
|all:(1063,1066)                 |
|time:(1067,1071)                |
|high:(1072,1076)                |
|of:(1077,1079)                  |
|also:(1084,1088)                |
|set:(1089,1092)                 |
|in:(1093,1095)                  |
|Atlantic:(1102,1110)            |
|City:(1111,1115)                |
|New:(1117,1120)                 |
|Brunswick:(1121,1130)           |
|High:(1132,1136)                |
|Point:(1137,1142)               |
|and:(1143,1146)                 |
|Hackensack:(1147,1157)          |
|all:(1158,1161)                 |
|recorded:(1162,1170)            |
|temperatures:(1171,1183)        |
|in:(1184,1186)                  |
|the:(1187,1190)                 |
|mid:(1191,1194)                 |
|s:(1197,1198)                   |
|as:(1199,1201)                  |
|well:(1202,1206)                |
|Those:(1211,1216)               |
|warm:(1217,1221)                |
|visions:(1222,1229)             |
|of:(1230,1232)                  |
|Santas:(1233,1239)              |
|in:(1240,1242)                  |
|shorts:(1243,1249)              |
|may:(1250,1253)                 |
|be:(1254,1256)                  |
|just:(1257,1261)                |
|a:(1262,1263)                   |
|memory:(1264,1270)              |
|as:(1271,1273)                  |
|soon:(1274,1278)                |
|as:(1279,1281)                  |
|next:(1282,1286)                |
|week:(1287,1291)                |
|however:(1293,1300)             |
|as:(1302,1304)                  |
|temperatures:(1305,1317)        |
|return:(1318,1324)              |
|to:(1325,1327)                  |
|something:(1328,1337)           |
|closer:(1338,1344)              |
|to:(1345,1347)                  |
|the:(1348,1351)                 |
|seasonal:(1352,1360)            |
|average:(1361,1368)             |
|for:(1369,1372)                 |
|the:(1373,1376)                 |
|early:(1377,1382)               |
|winter:(1383,1389)              |
|in:(1390,1392)                  |
|the:(1393,1396)                 |
|Northeast:(1397,1406)           |
|Forecasts:(1408,1417)           |
|show:(1418,1422)                |
|a:(1423,1424)                   |
|percent:(1428,1435)             |
|chance:(1436,1442)              |
|of:(1443,1445)                  |
|sleet:(1446,1451)               |
|and:(1452,1455)                 |
|snow:(1456,1460)                |
|in:(1461,1463)                  |
|Sussex:(1464,1470)              |
|Warren:(1472,1478)              |
|Middlesex:(1480,1489)           |
|and:(1490,1493)                 |
|Somerset:(1494,1502)            |
|counties:(1503,1511)            |
|Monday:(1512,1518)              |
|and:(1519,1522)                 |
|Tuesday:(1523,1530)             |
|and:(1532,1535)                 |
|a:(1536,1537)                   |
|similar:(1538,1545)             |
|wintry:(1546,1552)              |
|mix:(1553,1556)                 |
|elsewhere:(1557,1566)           |
|in:(1567,1569)                  |
|the:(1570,1573)                 |
|state:(1574,1579)               |
|Before:(1584,1590)              |
|Christmas:(1591,1600)           |
|Eve:(1601,1604)                 |
|s:(1605,1606)                   |
|expected:(1607,1615)            |
|record:(1616,1622)              |
|breaking:(1623,1631)            |
|heat:(1632,1636)                |
|New:(1638,1641)                 |
|Jersey:(1642,1648)              |
|was:(1649,1652)                 |
|already:(1653,1660)             |
|on:(1661,1663)                  |
|pace:(1664,1668)                |
|to:(1669,1671)                  |
|shatter:(1672,1679)             |
|the:(1680,1683)                 |
|average:(1684,1691)             |
|temperature:(1692,1703)         |
|record:(1704,1710)              |
|for:(1711,1714)                 |
|December:(1715,1723)            |
|last:(1725,1729)                |
|set:(1730,1733)                 |
|in:(1734,1736)                  |
|This:(1743,1747)                |
|year:(1748,1752)                |
|s:(1753,1754)                   |
|quirky:(1755,1761)              |
|weather:(1762,1769)             |
|is:(1770,1772)                  |
|being:(1773,1778)               |
|blamed:(1779,1785)              |
|on:(1786,1788)                  |
|El:(1789,1791)                  |
|Nino:(1792,1796)                |
|a:(1798,1799)                   |
|warming:(1800,1807)             |
|of:(1808,1810)                  |
|Pacific:(1811,1818)             |
|Ocean:(1819,1824)               |
|waters:(1825,1831)              |
|occurring:(1832,1841)           |
|every:(1842,1847)               |
|few:(1848,1851)                 |
|years:(1852,1857)               |
|that:(1858,1862)                |
|historically:(1863,1875)        |
|plays:(1876,1881)               |
|havoc:(1882,1887)               |
|with:(1888,1892)                |
|normal:(1893,1899)              |
|weather:(1900,1907)             |
|patterns:(1908,1916)            |
+--------------------------------+
320 rows in set

View: Float
+--------------------+
|Float               |
+--------------------+
+--------------------+
Empty set

View: Data
+--------------------+--------------------+--------------------+
|Data                |Float               |Tem                 |
+--------------------+--------------------+--------------------+
+--------------------+--------------------+--------------------+
Empty set

