Processing ff\ff1.txt
View: Num
+--------------------------+
|Num                       |
+--------------------------+
|T:(0,1)                   |
|F:(6,7)                   |
|F:(12,13)                 |
|N:(54,55)                 |
|E:(63,64)                 |
|S:(77,78)                 |
|NES:(85,88)               |
|F:(91,92)                 |
|F:(97,98)                 |
|J:(121,122)               |
|N:(142,143)               |
|A:(148,149)               |
|I:(171,172)               |
|RPG:(214,217)             |
|F:(276,277)               |
|F:(282,283)               |
|II:(290,292)              |
|J:(314,315)               |
|F:(343,344)               |
|F:(349,350)               |
|T:(390,391)               |
|NES:(406,409)             |
|F:(424,425)               |
|F:(430,431)               |
|III:(438,441)             |
|J:(459,460)               |
|N:(524,525)               |
|DS:(533,535)              |
|T:(558,559)               |
|S:(562,563)               |
|N:(568,569)               |
|E:(577,578)               |
|S:(591,592)               |
|SNES:(599,603)            |
|F:(715,716)               |
|F:(721,722)               |
|IV:(729,731)              |
|N:(757,758)               |
|A:(763,764)               |
|F:(791,792)               |
|F:(797,798)               |
|II:(805,807)              |
|I:(815,816)               |
|A:(834,835)               |
|T:(841,842)               |
|B:(846,847)               |
|F:(865,866)               |
|F:(871,872)               |
|V:(879,880)               |
|J:(902,903)               |
|F:(989,990)               |
|F:(995,996)               |
|L:(1004,1005)             |
|C:(1018,1019)             |
|F:(1039,1040)             |
|F:(1045,1046)             |
|VI:(1053,1055)            |
|J:(1072,1073)             |
|F:(1105,1106)             |
|F:(1111,1112)             |
|III:(1119,1122)           |
|N:(1126,1127)             |
|A:(1132,1133)             |
|T:(1148,1149)             |
|P:(1152,1153)             |
|S:(1156,1157)             |
|F:(1202,1203)             |
|F:(1208,1209)             |
|T:(1223,1224)             |
|F:(1238,1239)             |
|F:(1244,1245)             |
|VII:(1252,1255)           |
|D:(1294,1295)             |
|D:(1357,1358)             |
|I:(1447,1448)             |
|I:(1540,1541)             |
|E:(1595,1596)             |
|F:(1624,1625)             |
|F:(1630,1631)             |
|M:(1638,1639)             |
|Q:(1645,1646)             |
|F:(1652,1653)             |
|F:(1658,1659)             |
|VIII:(1666,1670)          |
|F:(1823,1824)             |
|F:(1829,1830)             |
|IX:(1837,1839)            |
|F:(1922,1923)             |
|F:(1928,1929)             |
|VII:(1982,1985)           |
|VIII:(1990,1994)          |
|T:(2006,2007)             |
|P:(2082,2083)             |
|S:(2086,2087)             |
|PS:(2097,2099)            |
|T:(2115,2116)             |
|F:(2130,2131)             |
|F:(2136,2137)             |
|X:(2144,2145)             |
|D:(2163,2164)             |
|F:(2258,2259)             |
|F:(2264,2265)             |
|X:(2272,2273)             |
|T:(2305,2306)             |
|MMORPG:(2363,2369)        |
|F:(2386,2387)             |
|F:(2392,2393)             |
|XI:(2400,2402)            |
|PS:(2424,2426)            |
|PC:(2432,2434)            |
|X:(2461,2462)             |
|I:(2479,2480)             |
|F:(2545,2546)             |
|F:(2551,2552)             |
|XII:(2559,2562)           |
|T:(2660,2661)             |
|I:(2769,2770)             |
|F:(2811,2812)             |
|F:(2817,2818)             |
|T:(2825,2826)             |
|V:(2837,2838)             |
|S:(2845,2846)             |
|I:(2859,2860)             |
|F:(2868,2869)             |
|F:(2874,2875)             |
|XIII:(2882,2886)          |
|J:(2903,2904)             |
|N:(2917,2918)             |
|A:(2923,2924)             |
|E:(2935,2936)             |
|P:(2966,2967)             |
|I:(2989,2990)             |
|F:(3027,3028)             |
|N:(3034,3035)             |
|C:(3039,3040)             |
|F:(3051,3052)             |
|F:(3057,3058)             |
|XIII:(3140,3144)          |
|L:(3151,3152)             |
|R:(3161,3162)             |
|F:(3175,3176)             |
|F:(3181,3182)             |
|XIV:(3189,3192)           |
|MMORPG:(3196,3202)        |
|M:(3230,3231)             |
|W:(3240,3241)             |
|S:(3321,3322)             |
|E:(3328,3329)             |
|A:(3412,3413)             |
|R:(3414,3415)             |
|R:(3420,3421)             |
|P:(3445,3446)             |
|A:(3481,3482)             |
|E:(3484,3485)             |
|F:(3493,3494)             |
|F:(3499,3500)             |
|XV:(3507,3509)            |
|V:(3540,3541)             |
|XIII:(3547,3551)          |
|P:(3602,3603)             |
|S:(3606,3607)             |
|X:(3620,3621)             |
|O:(3625,3626)             |
|L:(3682,3683)             |
|XIII:(3687,3691)          |
|XV:(3703,3705)            |
|F:(3721,3722)             |
|N:(3728,3729)             |
|C:(3733,3734)             |
+--------------------------+
169 rows in set

View: Name
+-------------------------------+
|Name                           |
+-------------------------------+
|Final:(6,11)                   |
|Fantasy:(12,19)                |
|Final:(91,96)                  |
|Fantasy:(97,104)               |
|Final:(276,281)                |
|Fantasy:(282,289)              |
|Final:(343,348)                |
|Fantasy:(349,356)              |
|Final:(424,429)                |
|Fantasy:(430,437)              |
|Final:(715,720)                |
|Fantasy:(721,728)              |
|Final:(791,796)                |
|Fantasy:(797,804)              |
|Final:(865,870)                |
|Fantasy:(871,878)              |
|Final:(989,994)                |
|Fantasy:(995,1002)             |
|Final:(1039,1044)              |
|Fantasy:(1045,1052)            |
|Final:(1105,1110)              |
|Fantasy:(1111,1118)            |
|PlayStation:(1152,1163)        |
|Final:(1202,1207)              |
|Fantasy:(1208,1215)            |
|Final:(1238,1243)              |
|Fantasy:(1244,1251)            |
|Final:(1624,1629)              |
|Fantasy:(1630,1637)            |
|Final:(1652,1657)              |
|Fantasy:(1658,1665)            |
|Final:(1823,1828)              |
|Fantasy:(1829,1836)            |
|Final:(1922,1927)              |
|Fantasy:(1928,1935)            |
|PlayStation:(2082,2093)        |
|Final:(2130,2135)              |
|Fantasy:(2136,2143)            |
|Final:(2258,2263)              |
|Fantasy:(2264,2271)            |
|MMORPG:(2363,2369)             |
|Final:(2386,2391)              |
|Fantasy:(2392,2399)            |
|Xbox:(2461,2465)               |
|Final:(2545,2550)              |
|Fantasy:(2551,2558)            |
|Final:(2811,2816)              |
|Fantasy:(2817,2824)            |
|Final:(2868,2873)              |
|Fantasy:(2874,2881)            |
|Final:(3051,3056)              |
|Fantasy:(3057,3064)            |
|Final:(3175,3180)              |
|Fantasy:(3181,3188)            |
|MMORPG:(3196,3202)             |
|Square:(3321,3327)             |
|Enix:(3328,3332)               |
|E3:(3484,3486)                 |
|Final:(3493,3498)              |
|Fantasy:(3499,3506)            |
|PlayStation:(3602,3613)        |
|Xbox:(3620,3624)               |
+-------------------------------+
62 rows in set

View: Loc
+--------------------------------------+---------------------------+------------------------+
|FullName                              |Name                       |Num                     |
+--------------------------------------+---------------------------+------------------------+
|Final F:(6,13)                        |Final:(6,11)               |F:(12,13)               |
|Final F:(91,98)                       |Final:(91,96)              |F:(97,98)               |
|Final F:(276,283)                     |Final:(276,281)            |F:(282,283)             |
|Final Fantasy II:(276,292)            |Final:(276,281)            |F:(282,283)             |
|Fantasy II:(282,292)                  |Fantasy:(282,289)          |II:(290,292)            |
|Final F:(343,350)                     |Final:(343,348)            |F:(349,350)             |
|Final F:(424,431)                     |Final:(424,429)            |F:(430,431)             |
|Final Fantasy III:(424,441)           |Final:(424,429)            |F:(430,431)             |
|Fantasy III:(430,441)                 |Fantasy:(430,437)          |III:(438,441)           |
|Final F:(715,722)                     |Final:(715,720)            |F:(721,722)             |
|Final Fantasy IV:(715,731)            |Final:(715,720)            |F:(721,722)             |
|Fantasy IV:(721,731)                  |Fantasy:(721,728)          |IV:(729,731)            |
|Final F:(791,798)                     |Final:(791,796)            |F:(797,798)             |
|Final Fantasy II:(791,807)            |Final:(791,796)            |F:(797,798)             |
|Fantasy II:(797,807)                  |Fantasy:(797,804)          |II:(805,807)            |
|Final F:(865,872)                     |Final:(865,870)            |F:(871,872)             |
|Final Fantasy V:(865,880)             |Final:(865,870)            |F:(871,872)             |
|Fantasy V:(871,880)                   |Fantasy:(871,878)          |V:(879,880)             |
|Final F:(989,996)                     |Final:(989,994)            |F:(995,996)             |
|Final F:(1039,1046)                   |Final:(1039,1044)          |F:(1045,1046)           |
|Final Fantasy VI:(1039,1055)          |Final:(1039,1044)          |F:(1045,1046)           |
|Fantasy VI:(1045,1055)                |Fantasy:(1045,1052)        |VI:(1053,1055)          |
|Final F:(1105,1112)                   |Final:(1105,1110)          |F:(1111,1112)           |
|Final Fantasy III:(1105,1122)         |Final:(1105,1110)          |F:(1111,1112)           |
|Fantasy III:(1111,1122)               |Fantasy:(1111,1118)        |III:(1119,1122)         |
|Final F:(1202,1209)                   |Final:(1202,1207)          |F:(1208,1209)           |
|Final F:(1238,1245)                   |Final:(1238,1243)          |F:(1244,1245)           |
|Final Fantasy VII:(1238,1255)         |Final:(1238,1243)          |F:(1244,1245)           |
|Fantasy VII:(1244,1255)               |Fantasy:(1244,1251)        |VII:(1252,1255)         |
|Final F:(1624,1631)                   |Final:(1624,1629)          |F:(1630,1631)           |
|Final Fantasy M:(1624,1639)           |Final:(1624,1629)          |F:(1630,1631)           |
|Fantasy M:(1630,1639)                 |Fantasy:(1630,1637)        |M:(1638,1639)           |
|Final F:(1652,1659)                   |Final:(1652,1657)          |F:(1658,1659)           |
|Final Fantasy VIII:(1652,1670)        |Final:(1652,1657)          |F:(1658,1659)           |
|Fantasy VIII:(1658,1670)              |Fantasy:(1658,1665)        |VIII:(1666,1670)        |
|Final F:(1823,1830)                   |Final:(1823,1828)          |F:(1829,1830)           |
|Final Fantasy IX:(1823,1839)          |Final:(1823,1828)          |F:(1829,1830)           |
|Fantasy IX:(1829,1839)                |Fantasy:(1829,1836)        |IX:(1837,1839)          |
|Final F:(1922,1929)                   |Final:(1922,1927)          |F:(1928,1929)           |
|Final F:(2130,2137)                   |Final:(2130,2135)          |F:(2136,2137)           |
|Final Fantasy X:(2130,2145)           |Final:(2130,2135)          |F:(2136,2137)           |
|Fantasy X:(2136,2145)                 |Fantasy:(2136,2143)        |X:(2144,2145)           |
|Final F:(2258,2265)                   |Final:(2258,2263)          |F:(2264,2265)           |
|Final Fantasy X:(2258,2273)           |Final:(2258,2263)          |F:(2264,2265)           |
|Fantasy X:(2264,2273)                 |Fantasy:(2264,2271)        |X:(2272,2273)           |
|Final F:(2386,2393)                   |Final:(2386,2391)          |F:(2392,2393)           |
|Final Fantasy XI:(2386,2402)          |Final:(2386,2391)          |F:(2392,2393)           |
|Fantasy XI:(2392,2402)                |Fantasy:(2392,2399)        |XI:(2400,2402)          |
|Final F:(2545,2552)                   |Final:(2545,2550)          |F:(2551,2552)           |
|Final Fantasy XII:(2545,2562)         |Final:(2545,2550)          |F:(2551,2552)           |
|Fantasy XII:(2551,2562)               |Fantasy:(2551,2558)        |XII:(2559,2562)         |
|Final F:(2811,2818)                   |Final:(2811,2816)          |F:(2817,2818)           |
|Final Fantasy T:(2811,2826)           |Final:(2811,2816)          |F:(2817,2818)           |
|Fantasy T:(2817,2826)                 |Fantasy:(2817,2824)        |T:(2825,2826)           |
|Final F:(2868,2875)                   |Final:(2868,2873)          |F:(2874,2875)           |
|Final Fantasy XIII:(2868,2886)        |Final:(2868,2873)          |F:(2874,2875)           |
|Fantasy XIII:(2874,2886)              |Fantasy:(2874,2881)        |XIII:(2882,2886)        |
|Final F:(3051,3058)                   |Final:(3051,3056)          |F:(3057,3058)           |
|Final F:(3175,3182)                   |Final:(3175,3180)          |F:(3181,3182)           |
|Final Fantasy XIV:(3175,3192)         |Final:(3175,3180)          |F:(3181,3182)           |
|Fantasy XIV:(3181,3192)               |Fantasy:(3181,3188)        |XIV:(3189,3192)         |
|Square E:(3321,3329)                  |Square:(3321,3327)         |E:(3328,3329)           |
|Final F:(3493,3500)                   |Final:(3493,3498)          |F:(3499,3500)           |
|Final Fantasy XV:(3493,3509)          |Final:(3493,3498)          |F:(3499,3500)           |
|Fantasy XV:(3499,3509)                |Fantasy:(3499,3506)        |XV:(3507,3509)          |
+--------------------------------------+---------------------------+------------------------+
65 rows in set

View: Plat
+---------------------------------+
|Plat                             |
+---------------------------------+
|Three:(0,5)                      |
|Final:(6,11)                     |
|Fantasy:(12,19)                  |
|Nintendo:(54,62)                 |
|Entertainment:(63,76)            |
|System:(77,83)                   |
|N:(85,86)                        |
|E:(86,87)                        |
|S:(87,88)                        |
|Final:(91,96)                    |
|Fantasy:(97,104)                 |
|Japan:(121,126)                  |
|North:(142,147)                  |
|America:(148,155)                |
|It:(171,173)                     |
|R:(214,215)                      |
|P:(215,216)                      |
|G:(216,217)                      |
|Final:(276,281)                  |
|Fantasy:(282,289)                |
|I:(290,291)                      |
|I:(291,292)                      |
|Japan:(314,319)                  |
|Final:(343,348)                  |
|Fantasy:(349,356)                |
|The:(390,393)                    |
|N:(406,407)                      |
|E:(407,408)                      |
|S:(408,409)                      |
|Final:(424,429)                  |
|Fantasy:(430,437)                |
|I:(438,439)                      |
|I:(439,440)                      |
|I:(440,441)                      |
|Japan:(459,464)                  |
|Nintendo:(524,532)               |
|D:(533,534)                      |
|S:(534,535)                      |
|The:(558,561)                    |
|Super:(562,567)                  |
|Nintendo:(568,576)               |
|Entertainment:(577,590)          |
|System:(591,597)                 |
|S:(599,600)                      |
|N:(600,601)                      |
|E:(601,602)                      |
|S:(602,603)                      |
|Final:(715,720)                  |
|Fantasy:(721,728)                |
|I:(729,730)                      |
|V:(730,731)                      |
|North:(757,762)                  |
|America:(763,770)                |
|Final:(791,796)                  |
|Fantasy:(797,804)                |
|I:(805,806)                      |
|I:(806,807)                      |
|It:(815,817)                     |
|Active:(834,840)                 |
|Time:(841,845)                   |
|Battle:(846,852)                 |
|Final:(865,870)                  |
|Fantasy:(871,878)                |
|V:(879,880)                      |
|Japan:(902,907)                  |
|Final:(989,994)                  |
|Fantasy:(995,1002)               |
|Legend:(1004,1010)               |
|Crystals:(1018,1026)             |
|Final:(1039,1044)                |
|Fantasy:(1045,1052)              |
|V:(1053,1054)                    |
|I:(1054,1055)                    |
|Japan:(1072,1077)                |
|Final:(1105,1110)                |
|Fantasy:(1111,1118)              |
|I:(1119,1120)                    |
|I:(1120,1121)                    |
|I:(1121,1122)                    |
|North:(1126,1131)                |
|America:(1132,1139)              |
|The:(1148,1151)                  |
|Play:(1152,1156)                 |
|Station:(1156,1163)              |
|Final:(1202,1207)                |
|Fantasy:(1208,1215)              |
|The:(1223,1226)                  |
|Final:(1238,1243)                |
|Fantasy:(1244,1251)              |
|V:(1252,1253)                    |
|I:(1253,1254)                    |
|I:(1254,1255)                    |
|D:(1294,1295)                    |
|D:(1357,1358)                    |
|It:(1447,1449)                   |
|It:(1540,1542)                   |
|Europe:(1595,1601)               |
|Final:(1624,1629)                |
|Fantasy:(1630,1637)              |
|Mystic:(1638,1644)               |
|Quest:(1645,1650)                |
|Final:(1652,1657)                |
|Fantasy:(1658,1665)              |
|V:(1666,1667)                    |
|I:(1667,1668)                    |
|I:(1668,1669)                    |
|I:(1669,1670)                    |
|Final:(1823,1828)                |
|Fantasy:(1829,1836)              |
|I:(1837,1838)                    |
|X:(1838,1839)                    |
|Final:(1922,1927)                |
|Fantasy:(1928,1935)              |
|V:(1982,1983)                    |
|I:(1983,1984)                    |
|I:(1984,1985)                    |
|V:(1990,1991)                    |
|I:(1991,1992)                    |
|I:(1992,1993)                    |
|I:(1993,1994)                    |
|Three:(2006,2011)                |
|Play:(2082,2086)                 |
|Station:(2086,2093)              |
|P:(2097,2098)                    |
|S:(2098,2099)                    |
|The:(2115,2118)                  |
|Final:(2130,2135)                |
|Fantasy:(2136,2143)              |
|X:(2144,2145)                    |
|D:(2163,2164)                    |
|Final:(2258,2263)                |
|Fantasy:(2264,2271)              |
|X:(2272,2273)                    |
|The:(2305,2308)                  |
|M:(2363,2364)                    |
|M:(2364,2365)                    |
|O:(2365,2366)                    |
|R:(2366,2367)                    |
|P:(2367,2368)                    |
|G:(2368,2369)                    |
|Final:(2386,2391)                |
|Fantasy:(2392,2399)              |
|X:(2400,2401)                    |
|I:(2401,2402)                    |
|P:(2424,2425)                    |
|S:(2425,2426)                    |
|P:(2432,2433)                    |
|C:(2433,2434)                    |
|Xbox:(2461,2465)                 |
|It:(2479,2481)                   |
|Final:(2545,2550)                |
|Fantasy:(2551,2558)              |
|X:(2559,2560)                    |
|I:(2560,2561)                    |
|I:(2561,2562)                    |
|The:(2660,2663)                  |
|Ivalice:(2769,2776)              |
|Final:(2811,2816)                |
|Fantasy:(2817,2824)              |
|Tactics:(2825,2832)              |
|Vagrant:(2837,2844)              |
|Story:(2845,2850)                |
|In:(2859,2861)                   |
|Final:(2868,2873)                |
|Fantasy:(2874,2881)              |
|X:(2882,2883)                    |
|I:(2883,2884)                    |
|I:(2884,2885)                    |
|I:(2885,2886)                    |
|Japan:(2903,2908)                |
|North:(2917,2922)                |
|America:(2923,2930)              |
|Europe:(2935,2941)               |
|Playstation:(2966,2977)          |
|It:(2989,2991)                   |
|Fabula:(3027,3033)               |
|Nova:(3034,3038)                 |
|Crystallis:(3039,3049)           |
|Final:(3051,3056)                |
|Fantasy:(3057,3064)              |
|X:(3140,3141)                    |
|I:(3141,3142)                    |
|I:(3142,3143)                    |
|I:(3143,3144)                    |
|Lightning:(3151,3160)            |
|Returns:(3161,3168)              |
|Final:(3175,3180)                |
|Fantasy:(3181,3188)              |
|X:(3189,3190)                    |
|I:(3190,3191)                    |
|V:(3191,3192)                    |
|M:(3196,3197)                    |
|M:(3197,3198)                    |
|O:(3198,3199)                    |
|R:(3199,3200)                    |
|P:(3200,3201)                    |
|G:(3201,3202)                    |
|Microsoft:(3230,3239)            |
|Windows:(3240,3247)              |
|Square:(3321,3327)               |
|Enix:(3328,3332)                 |
|A:(3412,3413)                    |
|Realm:(3414,3419)                |
|Reborn:(3420,3426)               |
|Playstation:(3445,3456)          |
|At:(3481,3483)                   |
|E:(3484,3485)                    |
|Final:(3493,3498)                |
|Fantasy:(3499,3506)              |
|X:(3507,3508)                    |
|V:(3508,3509)                    |
|Versus:(3540,3546)               |
|X:(3547,3548)                    |
|I:(3548,3549)                    |
|I:(3549,3550)                    |
|I:(3550,3551)                    |
|Play:(3602,3606)                 |
|Station:(3606,3613)              |
|Xbox:(3620,3624)                 |
|One:(3625,3628)                  |
|Like:(3682,3686)                 |
|X:(3687,3688)                    |
|I:(3688,3689)                    |
|I:(3689,3690)                    |
|I:(3690,3691)                    |
|X:(3703,3704)                    |
|V:(3704,3705)                    |
|Fabula:(3721,3727)               |
|Nova:(3728,3732)                 |
|Crystallis:(3733,3743)           |
+---------------------------------+
230 rows in set

View: PerLoc
+------------------------+---------------------------------+-------------------------------+
|Loc                     |PerLoc                           |Plat                           |
+------------------------+---------------------------------+-------------------------------+
|1997:(1227,1231)        |The 1997:(1223,1231)             |The:(1223,1226)                |
|2:(2094,2095)           |Station 2:(2086,2095)            |Station:(2086,2093)            |
|2001:(2119,2123)        |The 2001:(2115,2123)             |The:(2115,2118)                |
|360:(2466,2469)         |Xbox 360:(2461,2469)             |Xbox:(2461,2465)               |
|2009:(2862,2866)        |In 2009:(2859,2866)              |In:(2859,2861)                 |
|3:(2978,2979)           |Playstation 3:(2966,2979)        |Playstation:(2966,2977)        |
|3:(3457,3458)           |Playstation 3:(3445,3458)        |Playstation:(3445,3456)        |
|4:(3614,3615)           |Station 4:(3606,3615)            |Station:(3606,3613)            |
+------------------------+---------------------------------+-------------------------------+
8 rows in set

View: PerLocOnly
+---------------------------------+
|PerLoc                           |
+---------------------------------+
|The 1997:(1223,1231)             |
|Station 2:(2086,2095)            |
|The 2001:(2115,2123)             |
|Xbox 360:(2461,2469)             |
|In 2009:(2859,2866)              |
|Playstation 3:(2966,2979)        |
|Playstation 3:(3445,3458)        |
|Station 4:(3606,3615)            |
+---------------------------------+
8 rows in set

