Processing ff\ff2.txt
View: Num
+--------------------------+
|Num                       |
+--------------------------+
|XIV:(0,3)                 |
|E:(33,34)                 |
|E:(44,45)                 |
|E:(58,59)                 |
|E:(64,65)                 |
|S:(73,74)                 |
|E:(80,81)                 |
|MMORPG:(127,133)          |
|T:(169,170)               |
|XI:(217,219)              |
|V:(240,241)               |
|I:(255,256)               |
|S:(284,285)               |
|E:(291,292)               |
|F:(330,331)               |
|F:(336,337)               |
|XI:(344,346)              |
|D:(390,391)               |
|X:(557,558)               |
|P:(590,591)               |
|S:(594,595)               |
|X:(626,627)               |
|P:(636,637)               |
|S:(640,641)               |
|PS:(651,653)              |
|W:(660,661)               |
|XIV:(691,694)             |
|E:(723,724)               |
|PS:(735,737)              |
|W:(749,750)               |
|A:(758,759)               |
|M:(840,841)               |
|D:(888,889)               |
|M:(913,914)               |
|X:(937,938)               |
|X:(1022,1023)             |
|L:(1027,1028)             |
|S:(1036,1037)             |
|E:(1043,1044)             |
|M:(1096,1097)             |
|B:(1171,1172)             |
|X:(1320,1321)             |
|A:(1357,1358)             |
|Y:(1370,1371)             |
|W:(1377,1378)             |
|CEO:(1388,1391)           |
|S:(1395,1396)             |
|E:(1402,1403)             |
|XIV:(1408,1411)           |
|MMORPG:(1471,1477)        |
|W:(1478,1479)             |
|W:(1487,1488)             |
|T:(1501,1502)             |
|W:(1538,1539)             |
|PS:(1577,1579)            |
|XIV:(1586,1589)           |
|W:(1643,1644)             |
|PS:(1655,1657)            |
|PS:(1676,1678)            |
|T:(1711,1712)             |
|T:(1865,1866)             |
|P:(1890,1891)             |
|O:(1894,1895)             |
|XI:(1918,1920)            |
|T:(1922,1923)             |
|I:(2004,2005)             |
|S:(2126,2127)             |
|E:(2133,2134)             |
|ID:(2138,2140)            |
|I:(2206,2207)             |
|O:(2209,2210)             |
|B:(2234,2235)             |
|W:(2279,2280)             |
|F:(2292,2293)             |
|PS:(2316,2318)            |
|F:(2331,2332)             |
|F:(2337,2338)             |
|XIII:(2345,2349)          |
|PS:(2381,2383)            |
|XIV:(2396,2399)           |
|D:(2435,2436)             |
|A:(2652,2653)             |
|T:(2811,2812)             |
|A:(2835,2836)             |
|M:(2855,2856)             |
|I:(2871,2872)             |
|XI:(2917,2919)            |
|D:(2925,2926)             |
|T:(3108,3109)             |
|B:(3117,3118)             |
|A:(3164,3165)             |
|T:(3261,3262)             |
|B:(3265,3266)             |
|S:(3299,3300)             |
|I:(3367,3368)             |
|B:(3451,3452)             |
|T:(3468,3469)             |
|S:(3489,3490)             |
|PS:(3533,3535)            |
|M:(3573,3574)             |
|A:(3585,3586)             |
|C:(3587,3588)             |
|E:(3599,3600)             |
|S:(3623,3624)             |
|T:(3690,3691)             |
|C:(3694,3695)             |
|E:(3706,3707)             |
|A:(3751,3752)             |
|Y:(3761,3762)             |
|DVD:(3804,3807)           |
|T:(3925,3926)             |
|J:(3960,3961)             |
|E:(3970,3971)             |
|F:(3979,3980)             |
|G:(3990,3991)             |
|E:(4041,4042)             |
+--------------------------+
116 rows in set

View: Name
+-------------------------------+
|Name                           |
+-------------------------------+
|E3:(64,66)                     |
|Square:(73,79)                 |
|Enix:(80,84)                   |
|MMORPG:(127,133)               |
|Square:(284,290)               |
|Enix:(291,295)                 |
|Final:(330,335)                |
|Fantasy:(336,343)              |
|Xbox:(557,561)                 |
|PlayStation:(590,601)          |
|Xbox:(626,630)                 |
|PlayStation:(636,647)          |
|E3:(723,725)                   |
|Xbox:(937,941)                 |
|Xbox:(1022,1026)               |
|Square:(1036,1042)             |
|Enix:(1043,1047)               |
|Xbox:(1320,1324)               |
|Square:(1395,1401)             |
|Enix:(1402,1406)               |
|MMORPG:(1471,1477)             |
|Square:(2126,2132)             |
|Enix:(2133,2137)               |
|Final:(2331,2336)              |
|Fantasy:(2337,2344)            |
+-------------------------------+
25 rows in set

View: Loc
+--------------------------------------+---------------------------+----------------------+
|FullName                              |Name                       |Num                   |
+--------------------------------------+---------------------------+----------------------+
|Square E:(73,81)                      |Square:(73,79)             |E:(80,81)             |
|Square E:(284,292)                    |Square:(284,290)           |E:(291,292)           |
|Final F:(330,337)                     |Final:(330,335)            |F:(336,337)           |
|Final Fantasy XI:(330,346)            |Final:(330,335)            |F:(336,337)           |
|Fantasy XI:(336,346)                  |Fantasy:(336,343)          |XI:(344,346)          |
|Xbox L:(1022,1028)                    |Xbox:(1022,1026)           |L:(1027,1028)         |
|Square E:(1036,1044)                  |Square:(1036,1042)         |E:(1043,1044)         |
|Square E:(1395,1403)                  |Square:(1395,1401)         |E:(1402,1403)         |
|MMORPG W:(1471,1479)                  |MMORPG:(1471,1477)         |W:(1478,1479)         |
|Square E:(2126,2134)                  |Square:(2126,2132)         |E:(2133,2134)         |
|Square Enix ID:(2126,2140)            |Square:(2126,2132)         |E:(2133,2134)         |
|Enix ID:(2133,2140)                   |Enix:(2133,2137)           |ID:(2138,2140)        |
|Final F:(2331,2338)                   |Final:(2331,2336)          |F:(2337,2338)         |
|Final Fantasy XIII:(2331,2349)        |Final:(2331,2336)          |F:(2337,2338)         |
+--------------------------------------+---------------------------+----------------------+
14 rows in set

View: Plat
+---------------------------------+
|Plat                             |
+---------------------------------+
|X:(0,1)                          |
|I:(1,2)                          |
|V:(2,3)                          |
|Electronic:(33,43)               |
|Entertainment:(44,57)            |
|Expo:(58,62)                     |
|E:(64,65)                        |
|Square:(73,79)                   |
|Enix:(80,84)                     |
|M:(127,128)                      |
|M:(128,129)                      |
|O:(129,130)                      |
|R:(130,131)                      |
|P:(131,132)                      |
|G:(132,133)                      |
|The:(169,172)                    |
|X:(217,218)                      |
|I:(218,219)                      |
|Vana:(240,244)                   |
|In:(255,257)                     |
|Square:(284,290)                 |
|Enix:(291,295)                   |
|Final:(330,335)                  |
|Fantasy:(336,343)                |
|X:(344,345)                      |
|I:(345,346)                      |
|During:(390,396)                 |
|Xbox:(557,561)                   |
|Play:(590,594)                   |
|Station:(594,601)                |
|Xbox:(626,630)                   |
|Play:(636,640)                   |
|Station:(640,647)                |
|P:(651,652)                      |
|S:(652,653)                      |
|Windows:(660,667)                |
|X:(691,692)                      |
|I:(692,693)                      |
|V:(693,694)                      |
|E:(723,724)                      |
|P:(735,736)                      |
|S:(736,737)                      |
|Windows:(749,756)                |
|After:(758,763)                  |
|Microsoft:(840,849)              |
|Despite:(888,895)                |
|Microsoft:(913,922)              |
|Xbox:(937,941)                   |
|Xbox:(1022,1026)                 |
|Live:(1027,1031)                 |
|Square:(1036,1042)               |
|Enix:(1043,1047)                 |
|Microsoft:(1096,1105)            |
|Because:(1171,1178)              |
|Xbox:(1320,1324)                 |
|According:(1357,1366)            |
|Yoichi:(1370,1376)               |
|Wada:(1377,1381)                 |
|C:(1388,1389)                    |
|E:(1389,1390)                    |
|O:(1390,1391)                    |
|Square:(1395,1401)               |
|Enix:(1402,1406)                 |
|X:(1408,1409)                    |
|I:(1409,1410)                    |
|V:(1410,1411)                    |
|M:(1471,1472)                    |
|M:(1472,1473)                    |
|O:(1473,1474)                    |
|R:(1474,1475)                    |
|P:(1475,1476)                    |
|G:(1476,1477)                    |
|World:(1478,1483)                |
|Warcraft:(1487,1495)             |
|The:(1501,1504)                  |
|Windows:(1538,1545)              |
|P:(1577,1578)                    |
|S:(1578,1579)                    |
|X:(1586,1587)                    |
|I:(1587,1588)                    |
|V:(1588,1589)                    |
|Windows:(1643,1650)              |
|P:(1655,1656)                    |
|S:(1656,1657)                    |
|P:(1676,1677)                    |
|S:(1677,1678)                    |
|This:(1711,1715)                 |
|The:(1865,1868)                  |
|Play:(1890,1894)                 |
|Online:(1894,1900)               |
|X:(1918,1919)                    |
|I:(1919,1920)                    |
|This:(1922,1926)                 |
|Instead:(2004,2011)              |
|Square:(2126,2132)               |
|Enix:(2133,2137)                 |
|I:(2138,2139)                    |
|D:(2139,2140)                    |
|In:(2206,2208)                   |
|October:(2209,2216)              |
|Beta:(2234,2238)                 |
|Windows:(2279,2286)              |
|First:(2292,2297)                |
|P:(2316,2317)                    |
|S:(2317,2318)                    |
|Final:(2331,2336)                |
|Fantasy:(2337,2344)              |
|X:(2345,2346)                    |
|I:(2346,2347)                    |
|I:(2347,2348)                    |
|I:(2348,2349)                    |
|P:(2381,2382)                    |
|S:(2382,2383)                    |
|X:(2396,2397)                    |
|I:(2397,2398)                    |
|V:(2398,2399)                    |
|Due:(2435,2438)                  |
|Also:(2652,2656)                 |
|The:(2811,2814)                  |
|Alpha:(2835,2840)                |
|March:(2855,2860)                |
|It:(2871,2873)                   |
|X:(2917,2918)                    |
|I:(2918,2919)                    |
|During:(2925,2931)               |
|The:(3108,3111)                  |
|Beta:(3117,3121)                 |
|August:(3164,3170)               |
|The:(3261,3264)                  |
|Beta:(3265,3269)                 |
|September:(3299,3308)            |
|It:(3367,3369)                   |
|Beta:(3451,3455)                 |
|The:(3468,3471)                  |
|September:(3489,3498)            |
|P:(3533,3534)                    |
|S:(3534,3535)                    |
|March:(3573,3578)                |
|A:(3585,3586)                    |
|Collector:(3587,3596)            |
|Edition:(3599,3606)              |
|September:(3623,3632)            |
|The:(3690,3693)                  |
|Collector:(3694,3703)            |
|Edition:(3706,3713)              |
|Amano:(3751,3756)                |
|Yoshida:(3761,3768)              |
|D:(3804,3805)                    |
|V:(3805,3806)                    |
|D:(3806,3807)                    |
|The:(3925,3928)                  |
|Japanese:(3960,3968)             |
|English:(3970,3977)              |
|French:(3979,3985)               |
|German:(3990,3996)               |
|English:(4041,4048)              |
+---------------------------------+
156 rows in set

View: PerLoc
+------------------------+--------------------------------+-----------------------------+
|Loc                     |PerLoc                          |Plat                         |
+------------------------+--------------------------------+-----------------------------+
|2006:(258,262)          |In 2006:(255,262)               |In:(255,257)                 |
|360:(562,565)           |Xbox 360:(557,565)              |Xbox:(557,561)               |
|360:(631,634)           |Xbox 360:(626,634)              |Xbox:(626,630)               |
|3:(648,649)             |Station 3:(640,649)             |Station:(640,647)            |
|360:(942,945)           |Xbox 360:(937,945)              |Xbox:(937,941)               |
|360:(1325,1328)         |Xbox 360:(1320,1328)            |Xbox:(1320,1324)             |
|2009:(2217,2221)        |October 2009:(2209,2221)        |October:(2209,2216)          |
|11:(2861,2863)          |March 11:(2855,2863)            |March:(2855,2860)            |
|31:(3171,3173)          |August 31:(3164,3173)           |August:(3164,3170)           |
|2:(3309,3310)           |September 2:(3299,3310)         |September:(3299,3308)        |
|30:(3499,3501)          |September 30:(3489,3501)        |September:(3489,3498)        |
|2011:(3579,3583)        |March 2011:(3573,3583)          |March:(3573,3578)            |
|22:(3633,3635)          |September 22:(3623,3635)        |September:(3623,3632)        |
+------------------------+--------------------------------+-----------------------------+
13 rows in set

View: PerLocOnly
+--------------------------------+
|PerLoc                          |
+--------------------------------+
|In 2006:(255,262)               |
|Xbox 360:(557,565)              |
|Xbox 360:(626,634)              |
|Station 3:(640,649)             |
|Xbox 360:(937,945)              |
|Xbox 360:(1320,1328)            |
|October 2009:(2209,2221)        |
|March 11:(2855,2863)            |
|August 31:(3164,3173)           |
|September 2:(3299,3310)         |
|September 30:(3489,3501)        |
|March 2011:(3573,3583)          |
|September 22:(3623,3635)        |
+--------------------------------+
13 rows in set

请按任意键继续. . . 