Processing temperature\t2.txt
View: Num
+------------------------+
|Num                     |
+------------------------+
|0:(43,44)               |
|2:(45,46)               |
|¬∞:(47,49)              |
|3:(128,129)             |
|00:(130,132)            |
|2:(198,199)             |
|¬∞:(200,202)            |
|16:(268,270)            |
|5:(271,272)             |
|¬∞:(273,275)            |
|8:(305,306)             |
|45:(307,309)            |
|3:(327,328)             |
|¬∞:(329,331)            |
|16:(392,394)            |
|8:(395,396)             |
|¬∞:(397,399)            |
|93:(406,408)            |
|‚Äú:(599,602)           |
|‚Äù:(768,771)           |
|20:(978,980)            |
|2:(981,982)             |
|∞:(984,985)             |
|3:(1024,1025)           |
|7:(1026,1027)           |
|∞:(1029,1030)           |
|2:(1100,1101)           |
|∞:(1103,1104)           |
|31:(1118,1120)          |
|1977:(1122,1126)        |
+------------------------+
30 rows in set

View: Tem
+----------------------------------+
|Tem                               |
+----------------------------------+
|Temperature:(0,11)                |
|in:(12,14)                        |
|Kathmandu:(15,24)                 |
|plummeted:(25,34)                 |
|back:(35,39)                      |
|to:(40,42)                        |
|∞C:(48,50)                        |
|on:(51,53)                        |
|Saturday:(54,62)                  |
|as:(64,66)                        |
|recorded:(67,75)                  |
|by:(76,78)                        |
|the:(79,82)                       |
|Meteorological:(83,97)            |
|Forecasting:(98,109)              |
|Division:(110,118)                |
|MFD:(120,123)                     |
|at:(125,127)                      |
|am:(133,135)                      |
|The:(140,143)                     |
|MFD:(144,147)                     |
|had:(148,151)                     |
|recorded:(152,160)                |
|minimum:(161,168)                 |
|temperature:(169,180)             |
|for:(181,184)                     |
|yesterday:(185,194)               |
|at:(195,197)                      |
|∞C:(201,203)                      |
|reliving:(204,212)                |
|the:(213,216)                     |
|Kathmanduites:(217,230)           |
|of:(231,233)                      |
|the:(234,237)                     |
|cold:(238,242)                    |
|with:(243,247)                    |
|maximum:(248,255)                 |
|temperature:(256,267)             |
|∞C:(274,276)                      |
|Temperature:(281,292)             |
|recorded:(293,301)                |
|at:(302,304)                      |
|am:(310,312)                      |
|by:(313,315)                      |
|the:(316,319)                     |
|MFD:(320,323)                     |
|is:(324,326)                      |
|∞C:(330,332)                      |
|Maximum:(337,344)                 |
|temperature:(345,356)             |
|for:(357,360)                     |
|today:(361,366)                   |
|is:(367,369)                      |
|expected:(370,378)                |
|to:(379,381)                      |
|be:(382,384)                      |
|around:(385,391)                  |
|∞C:(398,400)                      |
|with:(401,405)                    |
|per:(409,412)                     |
|cent:(413,417)                    |
|relative:(418,426)                |
|humidity:(427,435)                |
|Meteorologist:(440,453)           |
|Samir:(454,459)                   |
|Shrestha:(460,468)                |
|at:(469,471)                      |
|the:(472,475)                     |
|Meteorological:(476,490)          |
|Forecasting:(491,502)             |
|Division:(503,511)                |
|attributed:(512,522)              |
|the:(523,526)                     |
|dip:(527,530)                     |
|in:(531,533)                      |
|temperature:(534,545)             |
|to:(546,548)                      |
|north:(549,554)                   |
|westerly:(555,563)                |
|wind:(564,568)                    |
|system:(569,575)                  |
|dominating:(576,586)              |
|the:(587,590)                     |
|Valley:(591,597)                  |
|‚ÄúThe:(599,605)                  |
|minimum:(606,613)                 |
|temperature:(614,625)             |
|is:(626,628)                      |
|likely:(629,635)                  |
|to:(636,638)                      |
|dip:(639,642)                     |
|further:(643,650)                 |
|until:(651,656)                   |
|there:(657,662)                   |
|is:(663,665)                      |
|a:(666,667)                       |
|change:(668,674)                  |
|in:(675,677)                      |
|the:(678,681)                     |
|existing:(682,690)                |
|weather:(691,698)                 |
|pattern:(699,706)                 |
|and:(707,710)                     |
|western:(711,718)                 |
|disturbance:(719,730)             |
|brings:(731,737)                  |
|rain:(738,742)                    |
|and:(743,746)                     |
|moisture:(747,755)                |
|to:(756,758)                      |
|the:(759,762)                     |
|city:(763,767)                    |
|‚Äù:(768,771)                     |
|Meteorologist:(775,788)           |
|Shanti:(789,795)                  |
|Kandel:(796,802)                  |
|on:(804,806)                      |
|the:(807,810)                     |
|other:(811,816)                   |
|hand:(817,821)                    |
|said:(823,827)                    |
|the:(828,831)                     |
|minimum:(832,839)                 |
|temperature:(840,851)             |
|in:(852,854)                      |
|the:(855,858)                     |
|Valley:(859,865)                  |
|will:(866,870)                    |
|not:(871,874)                     |
|fluctuate:(875,884)               |
|much:(885,889)                    |
|in:(890,892)                      |
|the:(893,896)                     |
|coming:(897,903)                  |
|few:(904,907)                     |
|days:(908,912)                    |
|The:(917,920)                     |
|average:(921,928)                 |
|maximum:(929,936)                 |
|temperature:(937,948)             |
|for:(949,952)                     |
|the:(953,956)                     |
|month:(957,962)                   |
|of:(963,965)                      |
|December:(966,974)                |
|is:(975,977)                      |
|∞C:(984,986)                      |
|while:(987,992)                   |
|average:(993,1000)                |
|minimum:(1001,1008)               |
|temperature:(1009,1020)           |
|is:(1021,1023)                    |
|∞C:(1029,1031)                    |
|Extreme:(1036,1043)               |
|minimum:(1044,1051)               |
|temperature:(1052,1063)           |
|witnessed:(1064,1073)             |
|by:(1074,1076)                    |
|the:(1077,1080)                   |
|Kathmanduites:(1081,1094)         |
|was:(1095,1098)                   |
|∞C:(1103,1105)                    |
|on:(1106,1108)                    |
|December:(1109,1117)              |
+----------------------------------+
164 rows in set

View: Float
+----------------------------+
|Float                       |
+----------------------------+
|0.2:(43,46)                 |
|3:00:(128,132)              |
|16.5:(268,272)              |
|8:45:(305,309)              |
|16.8:(392,396)              |
|20.2:(978,982)              |
|3.7:(1024,1027)             |
|31, 1977:(1118,1126)        |
+----------------------------+
8 rows in set

View: Data
+-------------------------------------------------+-------------------------------+----------------------------+
|Data                                             |Float                          |Tem                         |
+-------------------------------------------------+-------------------------------+----------------------------+
|plummeted back to 0.2:(25,46)                    |plummeted:(25,34)              |0.2:(43,46)                 |
|back to 0.2:(35,46)                              |back:(35,39)                   |0.2:(43,46)                 |
|to 0.2:(40,46)                                   |to:(40,42)                     |0.2:(43,46)                 |
|at 3:00:(125,132)                                |at:(125,127)                   |3:00:(128,132)              |
|with maximum temperature 16.5:(243,272)          |with:(243,247)                 |16.5:(268,272)              |
|maximum temperature 16.5:(248,272)               |maximum:(248,255)              |16.5:(268,272)              |
|temperature 16.5:(256,272)                       |temperature:(256,267)          |16.5:(268,272)              |
|Temperature recorded at 8:45:(281,309)           |Temperature:(281,292)          |8:45:(305,309)              |
|recorded at 8:45:(293,309)                       |recorded:(293,301)             |8:45:(305,309)              |
|at 8:45:(302,309)                                |at:(302,304)                   |8:45:(305,309)              |
|to be around 16.8:(379,396)                      |to:(379,381)                   |16.8:(392,396)              |
|be around 16.8:(382,396)                         |be:(382,384)                   |16.8:(392,396)              |
|around 16.8:(385,396)                            |around:(385,391)               |16.8:(392,396)              |
|of December is 20.2:(963,982)                    |of:(963,965)                   |20.2:(978,982)              |
|December is 20.2:(966,982)                       |December:(966,974)             |20.2:(978,982)              |
|is 20.2:(975,982)                                |is:(975,977)                   |20.2:(978,982)              |
|minimum temperature is 3.7:(1001,1027)           |minimum:(1001,1008)            |3.7:(1024,1027)             |
|temperature is 3.7:(1009,1027)                   |temperature:(1009,1020)        |3.7:(1024,1027)             |
|is 3.7:(1021,1027)                               |is:(1021,1023)                 |3.7:(1024,1027)             |
|∞C on December 31, 1977:(1103,1126)              |∞C:(1103,1105)                 |31, 1977:(1118,1126)        |
|on December 31, 1977:(1106,1126)                 |on:(1106,1108)                 |31, 1977:(1118,1126)        |
+-------------------------------------------------+-------------------------------+----------------------------+
21 rows in set

«Î∞¥»Œ“‚º¸ºÃ–¯. . . 